C:\USERS\JACK TOOLE\DOCUMENTS\VISUAL STUDIO 2010\PROJECTS\MSP430_005\MSP430_005\RELEASE\CALIBRATE.OBJ
C:\Users\Jack Toole\Documents\Visual Studio 2010\Projects\msp430_005\msp430_005\Release\cl.command.1.tlog
C:\Users\Jack Toole\Documents\Visual Studio 2010\Projects\msp430_005\msp430_005\Release\CL.read.1.tlog
C:\Users\Jack Toole\Documents\Visual Studio 2010\Projects\msp430_005\msp430_005\Release\CL.write.1.tlog
C:\USERS\JACK TOOLE\DOCUMENTS\VISUAL STUDIO 2010\PROJECTS\MSP430_005\MSP430_005\RELEASE\COM.OBJ
C:\Users\Jack Toole\Documents\Visual Studio 2010\Projects\msp430_005\msp430_005\Release\link.command.1.tlog
C:\Users\Jack Toole\Documents\Visual Studio 2010\Projects\msp430_005\msp430_005\Release\link.read.1.tlog
C:\Users\Jack Toole\Documents\Visual Studio 2010\Projects\msp430_005\msp430_005\Release\link.write.1.tlog
C:\Users\Jack Toole\Documents\Visual Studio 2010\Projects\msp430_005\msp430_005\Release\link-cvtres.read.1.tlog
C:\Users\Jack Toole\Documents\Visual Studio 2010\Projects\msp430_005\msp430_005\Release\link-cvtres.write.1.tlog
C:\USERS\JACK TOOLE\DOCUMENTS\VISUAL STUDIO 2010\PROJECTS\MSP430_005\MSP430_005\RELEASE\MAIN.OBJ
C:\USERS\JACK TOOLE\DOCUMENTS\VISUAL STUDIO 2010\PROJECTS\MSP430_005\MSP430_005\RELEASE\MOUSE.OBJ
C:\USERS\JACK TOOLE\DOCUMENTS\VISUAL STUDIO 2010\PROJECTS\MSP430_005\MSP430_005\RELEASE\MSP.RES
C:\USERS\JACK TOOLE\DOCUMENTS\VISUAL STUDIO 2010\PROJECTS\MSP430_005\MSP430_005\RELEASE\MSP430_005.EXE.INTERMEDIATE.MANIFEST
C:\Users\Jack Toole\Documents\Visual Studio 2010\Projects\msp430_005\msp430_005\Release\mt.command.1.tlog
C:\Users\Jack Toole\Documents\Visual Studio 2010\Projects\msp430_005\msp430_005\Release\mt.read.1.tlog
C:\Users\Jack Toole\Documents\Visual Studio 2010\Projects\msp430_005\msp430_005\Release\mt.write.1.tlog
C:\USERS\JACK TOOLE\DOCUMENTS\VISUAL STUDIO 2010\PROJECTS\MSP430_005\MSP430_005\RELEASE\OPTIONS.OBJ
C:\Users\Jack Toole\Documents\Visual Studio 2010\Projects\msp430_005\msp430_005\Release\rc.command.1.tlog
C:\Users\Jack Toole\Documents\Visual Studio 2010\Projects\msp430_005\msp430_005\Release\rc.read.1.tlog
C:\Users\Jack Toole\Documents\Visual Studio 2010\Projects\msp430_005\msp430_005\Release\rc.write.1.tlog
C:\USERS\JACK TOOLE\DOCUMENTS\VISUAL STUDIO 2010\PROJECTS\MSP430_005\MSP430_005\RELEASE\TRANSFORM.OBJ
C:\USERS\JACK TOOLE\DOCUMENTS\VISUAL STUDIO 2010\PROJECTS\MSP430_005\MSP430_005\RELEASE\VC100.PDB
C:\USERS\JACK TOOLE\DOCUMENTS\VISUAL STUDIO 2010\PROJECTS\MSP430_005\RELEASE\MSP430_005.EXE
C:\USERS\JACK TOOLE\DOCUMENTS\VISUAL STUDIO 2010\PROJECTS\MSP430_005\RELEASE\MSP430_005.PDB
