C:\USERS\JACK TOOLE\DOCUMENTS\VISUAL STUDIO 2010\PROJECTS\MSP430_005\DEBUG\MSP430_005.EXE
C:\USERS\JACK TOOLE\DOCUMENTS\VISUAL STUDIO 2010\PROJECTS\MSP430_005\DEBUG\MSP430_005.ILK
C:\USERS\JACK TOOLE\DOCUMENTS\VISUAL STUDIO 2010\PROJECTS\MSP430_005\DEBUG\MSP430_005.PDB
C:\USERS\JACK TOOLE\DOCUMENTS\VISUAL STUDIO 2010\PROJECTS\MSP430_005\MSP430_005\DEBUG\CALIBRATE.OBJ
C:\Users\Jack Toole\Documents\Visual Studio 2010\Projects\msp430_005\msp430_005\Debug\cl.command.1.tlog
C:\Users\Jack Toole\Documents\Visual Studio 2010\Projects\msp430_005\msp430_005\Debug\CL.read.1.tlog
C:\Users\Jack Toole\Documents\Visual Studio 2010\Projects\msp430_005\msp430_005\Debug\CL.write.1.tlog
C:\USERS\JACK TOOLE\DOCUMENTS\VISUAL STUDIO 2010\PROJECTS\MSP430_005\MSP430_005\DEBUG\COM.OBJ
C:\Users\Jack Toole\Documents\Visual Studio 2010\Projects\msp430_005\msp430_005\Debug\link.1016.read.1.tlog
C:\Users\Jack Toole\Documents\Visual Studio 2010\Projects\msp430_005\msp430_005\Debug\link.1016.write.1.tlog
C:\Users\Jack Toole\Documents\Visual Studio 2010\Projects\msp430_005\msp430_005\Debug\link.1016-cvtres.read.1.tlog
C:\Users\Jack Toole\Documents\Visual Studio 2010\Projects\msp430_005\msp430_005\Debug\link.1016-cvtres.write.1.tlog
C:\Users\Jack Toole\Documents\Visual Studio 2010\Projects\msp430_005\msp430_005\Debug\link.1412.read.1.tlog
C:\Users\Jack Toole\Documents\Visual Studio 2010\Projects\msp430_005\msp430_005\Debug\link.1412.write.1.tlog
C:\Users\Jack Toole\Documents\Visual Studio 2010\Projects\msp430_005\msp430_005\Debug\link.1412-cvtres.read.1.tlog
C:\Users\Jack Toole\Documents\Visual Studio 2010\Projects\msp430_005\msp430_005\Debug\link.1412-cvtres.write.1.tlog
C:\Users\Jack Toole\Documents\Visual Studio 2010\Projects\msp430_005\msp430_005\Debug\link.4824.read.1.tlog
C:\Users\Jack Toole\Documents\Visual Studio 2010\Projects\msp430_005\msp430_005\Debug\link.4824.write.1.tlog
C:\Users\Jack Toole\Documents\Visual Studio 2010\Projects\msp430_005\msp430_005\Debug\link.4824-cvtres.read.1.tlog
C:\Users\Jack Toole\Documents\Visual Studio 2010\Projects\msp430_005\msp430_005\Debug\link.4824-cvtres.write.1.tlog
C:\Users\Jack Toole\Documents\Visual Studio 2010\Projects\msp430_005\msp430_005\Debug\link.5012.read.1.tlog
C:\Users\Jack Toole\Documents\Visual Studio 2010\Projects\msp430_005\msp430_005\Debug\link.5012.write.1.tlog
C:\Users\Jack Toole\Documents\Visual Studio 2010\Projects\msp430_005\msp430_005\Debug\link.5012-cvtres.read.1.tlog
C:\Users\Jack Toole\Documents\Visual Studio 2010\Projects\msp430_005\msp430_005\Debug\link.5012-cvtres.write.1.tlog
C:\Users\Jack Toole\Documents\Visual Studio 2010\Projects\msp430_005\msp430_005\Debug\link.command.1.tlog
C:\Users\Jack Toole\Documents\Visual Studio 2010\Projects\msp430_005\msp430_005\Debug\link.read.1.tlog
C:\Users\Jack Toole\Documents\Visual Studio 2010\Projects\msp430_005\msp430_005\Debug\link.write.1.tlog
C:\Users\Jack Toole\Documents\Visual Studio 2010\Projects\msp430_005\msp430_005\Debug\link-cvtres.read.1.tlog
C:\Users\Jack Toole\Documents\Visual Studio 2010\Projects\msp430_005\msp430_005\Debug\link-cvtres.write.1.tlog
C:\USERS\JACK TOOLE\DOCUMENTS\VISUAL STUDIO 2010\PROJECTS\MSP430_005\MSP430_005\DEBUG\MAIN.OBJ
C:\USERS\JACK TOOLE\DOCUMENTS\VISUAL STUDIO 2010\PROJECTS\MSP430_005\MSP430_005\DEBUG\MODE.OBJ
C:\USERS\JACK TOOLE\DOCUMENTS\VISUAL STUDIO 2010\PROJECTS\MSP430_005\MSP430_005\DEBUG\MOUSE.OBJ
C:\USERS\JACK TOOLE\DOCUMENTS\VISUAL STUDIO 2010\PROJECTS\MSP430_005\MSP430_005\DEBUG\MSP.RES
C:\USERS\JACK TOOLE\DOCUMENTS\VISUAL STUDIO 2010\PROJECTS\MSP430_005\MSP430_005\DEBUG\MSP430_005.EXE.EMBED.MANIFEST
C:\USERS\JACK TOOLE\DOCUMENTS\VISUAL STUDIO 2010\PROJECTS\MSP430_005\MSP430_005\DEBUG\MSP430_005.EXE.EMBED.MANIFEST.RES
C:\USERS\JACK TOOLE\DOCUMENTS\VISUAL STUDIO 2010\PROJECTS\MSP430_005\MSP430_005\DEBUG\MSP430_005.EXE.INTERMEDIATE.MANIFEST
C:\Users\Jack Toole\Documents\Visual Studio 2010\Projects\msp430_005\msp430_005\Debug\msp430_005_manifest.rc
C:\Users\Jack Toole\Documents\Visual Studio 2010\Projects\msp430_005\msp430_005\Debug\mt.command.1.tlog
C:\Users\Jack Toole\Documents\Visual Studio 2010\Projects\msp430_005\msp430_005\Debug\mt.read.1.tlog
C:\Users\Jack Toole\Documents\Visual Studio 2010\Projects\msp430_005\msp430_005\Debug\mt.write.1.tlog
C:\USERS\JACK TOOLE\DOCUMENTS\VISUAL STUDIO 2010\PROJECTS\MSP430_005\MSP430_005\DEBUG\OPTIONS.OBJ
C:\Users\Jack Toole\Documents\Visual Studio 2010\Projects\msp430_005\msp430_005\Debug\rc.command.1.tlog
C:\Users\Jack Toole\Documents\Visual Studio 2010\Projects\msp430_005\msp430_005\Debug\rc.read.1.tlog
C:\Users\Jack Toole\Documents\Visual Studio 2010\Projects\msp430_005\msp430_005\Debug\rc.write.1.tlog
C:\USERS\JACK TOOLE\DOCUMENTS\VISUAL STUDIO 2010\PROJECTS\MSP430_005\MSP430_005\DEBUG\TRANSFORM.OBJ
C:\Users\Jack Toole\Documents\Visual Studio 2010\Projects\msp430_005\msp430_005\Debug\vc100.idb
C:\USERS\JACK TOOLE\DOCUMENTS\VISUAL STUDIO 2010\PROJECTS\MSP430_005\MSP430_005\DEBUG\VC100.PDB
